11/06/2023 15:14:59	This log contains information about the import schema operation into project 'Northwind' on computer 'NOTEREI' by user 'bapti'.
11/06/2023 15:14:59	Import of database schema has started.
11/06/2023 15:15:11	Gathering database credentials
11/06/2023 15:15:11	Gathering database options
11/06/2023 15:15:11	Gathering users
11/06/2023 15:15:11	Gathering roles
11/06/2023 15:15:11	Gathering application roles
11/06/2023 15:15:11	Gathering role memberships
11/06/2023 15:15:11	Gathering filegroups
11/06/2023 15:15:11	Gathering full-text catalogs
11/06/2023 15:15:11	Gathering assemblies
11/06/2023 15:15:11	Gathering certificates
11/06/2023 15:15:11	Gathering asymmetric keys
11/06/2023 15:15:11	Gathering symmetric keys
11/06/2023 15:15:11	Gathering encrypted symmetric keys
11/06/2023 15:15:11	Gathering schemas
11/06/2023 15:15:11	Gathering XML schema collections
11/06/2023 15:15:11	Gathering user-defined data types
11/06/2023 15:15:11	Gathering user-defined types
11/06/2023 15:15:11	Gathering table types
11/06/2023 15:15:11	Gathering unique keys for table types
11/06/2023 15:15:11	Gathering primary keys for table types
11/06/2023 15:15:11	Gathering indexes for table types
11/06/2023 15:15:11	Gathering check constraints for table types
11/06/2023 15:15:11	Gathering default constraints for table types
11/06/2023 15:15:11	Gathering partition functions
11/06/2023 15:15:11	Gathering partition schemes
11/06/2023 15:15:13	Gathering functions
11/06/2023 15:15:13	Gathering encrypted functions
11/06/2023 15:15:13	Gathering aggregates
11/06/2023 15:15:13	Gathering procedures
11/06/2023 15:15:13	Gathering encrypted procedures
11/06/2023 15:15:13	Gathering tables
11/06/2023 15:15:13	Gathering primary keys
11/06/2023 15:15:13	Gathering unique constraints
11/06/2023 15:15:13	Gathering foreign keys
11/06/2023 15:15:13	Gathering default constraints
11/06/2023 15:15:13	Gathering check constraints
11/06/2023 15:15:13	Gathering views
11/06/2023 15:15:13	Gathering encrypted views
11/06/2023 15:15:13	Gathering indexes
11/06/2023 15:15:13	Gathering statistics
11/06/2023 15:15:13	Gathering full-text index stoplists
11/06/2023 15:15:13	Gathering search property lists
11/06/2023 15:15:13	Gathering search properties
11/06/2023 15:15:13	Gathering full-text indexes
11/06/2023 15:15:13	Gathering column store indexes
11/06/2023 15:15:14	Gathering spatial indexes
11/06/2023 15:15:14	Gathering XML indexes
11/06/2023 15:15:14	Gathering Selective XML indexes
11/06/2023 15:15:14	Gathering encrypted triggers
11/06/2023 15:15:14	Gathering triggers
11/06/2023 15:15:14	Gathering encrypted and clr ddl triggers
11/06/2023 15:15:14	Gathering ddl triggers
11/06/2023 15:15:14	Gathering synonyms
11/06/2023 15:15:14	Gathering defaults
11/06/2023 15:15:14	Gathering data constraint uddt bindings
11/06/2023 15:15:14	Gathering rules
11/06/2023 15:15:14	Gathering data constraint uddt bindings
11/06/2023 15:15:14	Gathering message types
11/06/2023 15:15:14	Gathering queues
11/06/2023 15:15:14	Gathering contracts
11/06/2023 15:15:14	Gathering services
11/06/2023 15:15:14	Gathering event notifications
11/06/2023 15:15:14	Gathering remote service bindings
11/06/2023 15:15:14	Gathering broker priorities
11/06/2023 15:15:14	Gathering signatures
11/06/2023 15:15:14	Gathering data compression options
11/06/2023 15:15:14	Gathering sequence types
11/06/2023 15:15:14	Gathering security policies
11/06/2023 15:15:14	Gather column encryption keys
11/06/2023 15:15:14	Gathering column master keys
11/06/2023 15:15:14	Gathering external data sources
11/06/2023 15:15:14	Gathering external file formats
11/06/2023 15:15:14	Gathering external tables
11/06/2023 15:15:14	Gathering database permissions
11/06/2023 15:15:14	Gathering extended properties
11/06/2023 15:15:15	Gathering credentials
11/06/2023 15:15:15	Gathering logins
11/06/2023 15:15:15	Gathering server audits
11/06/2023 15:15:17	Scanning project for duplicate elements
11/06/2023 15:15:18	Finished duplicate element processing
11/06/2023 15:15:18	Finished importing database.
11/06/2023 15:15:18	A summary of the import was saved to the following location: C:\Reinaldo\Databases\SQLServer\VSProjects\Northwind\Northwind\Import Schema Logs\Northwind_20230611061459.log
11/06/2023 15:15:18	Click Finish to continue...
